<?xml version="1.0" encoding="UTF-8"?>
<!-- Generated by org.testng.reporters.JUnitReportReporter -->
<testsuite hostname="LAPTOP-2KSQGHOC" failures="0" tests="6" name="tests.S1_F1LoginTest" time="73.836" errors="0" timestamp="2025-03-11T15:05:41 IST" skipped="0">
  <testcase classname="tests.S1_F1LoginTest" name="testLogin" time="12.599"/>
  <system-out/>
  <testcase classname="tests.S1_F1LoginTest" name="testLogin" time="6.565"/>
  <system-out/>
  <testcase classname="tests.S1_F1LoginTest" name="testLogin" time="12.817"/>
  <system-out/>
  <testcase classname="tests.S1_F1LoginTest" name="testLogin" time="13.295"/>
  <system-out/>
  <testcase classname="tests.S1_F1LoginTest" name="testLogin" time="15.755"/>
  <system-out/>
  <testcase classname="tests.S1_F1LoginTest" name="testLogin" time="12.805"/>
  <system-out/>
</testsuite> <!-- tests.S1_F1LoginTest -->
