<?xml version="1.0" encoding="UTF-8"?>
<!-- Generated by org.testng.reporters.JUnitReportReporter -->
<testsuite hostname="LAPTOP-2KSQGHOC" failures="0" tests="1" name="test.S2_F1LoginTest" time="16.253" errors="0" timestamp="2025-03-11T15:06:19 IST" skipped="0">
  <testcase classname="test.S2_F1LoginTest" name="testValidLogin" time="16.253"/>
  <system-out/>
</testsuite> <!-- test.S2_F1LoginTest -->
