<?xml version="1.0" encoding="UTF-8"?>
<!-- Generated by org.testng.reporters.JUnitReportReporter -->
<testsuite hostname="LAPTOP-2KSQGHOC" failures="0" tests="4" name="test.AdminTest" time="74.362" errors="0" timestamp="2025-03-02T13:29:42 IST" skipped="0">
  <testcase classname="test.AdminTest" name="testSearchByUsername" time="20.054"/>
  <system-out/>
  <testcase classname="test.AdminTest" name="testSearchByUserRole" time="17.881"/>
  <system-out/>
  <testcase classname="test.AdminTest" name="testGetAllMenuOptions" time="18.806"/>
  <system-out/>
  <testcase classname="test.AdminTest" name="testSearchByUserStatus" time="17.621"/>
  <system-out/>
</testsuite> <!-- test.AdminTest -->
