<?xml version="1.0" encoding="UTF-8"?>
<!-- Generated by org.testng.reporters.JUnitReportReporter -->
<testsuite hostname="LAPTOP-2KSQGHOC" failures="0" tests="6" name="tests.LoginTest" time="69.082" errors="0" timestamp="2025-03-02T13:59:45 IST" skipped="0">
  <testcase classname="tests.LoginTest" name="testLogin" time="12.265"/>
  <system-out/>
  <testcase classname="tests.LoginTest" name="testLogin" time="12.065"/>
  <system-out/>
  <testcase classname="tests.LoginTest" name="testLogin" time="5.036"/>
  <system-out/>
  <testcase classname="tests.LoginTest" name="testLogin" time="15.138"/>
  <system-out/>
  <testcase classname="tests.LoginTest" name="testLogin" time="12.401"/>
  <system-out/>
  <testcase classname="tests.LoginTest" name="testLogin" time="12.177"/>
  <system-out/>
</testsuite> <!-- tests.LoginTest -->
