<?xml version="1.0" encoding="UTF-8"?>
<!-- Generated by org.testng.reporters.JUnitReportReporter -->
<testsuite hostname="LAPTOP-2KSQGHOC" failures="0" tests="1" name="test.LoginTest" time="11.117" errors="0" timestamp="2025-03-01T01:54:41 IST" skipped="0">
  <testcase classname="test.LoginTest" name="testValidLogin" time="11.117"/>
  <system-out/>
</testsuite> <!-- test.LoginTest -->
